{"level":"info","message":"server is running at 3000","timestamp":"06-27-2026 09:38:03","correlationId":"unknown error while creating correlation id","data":{}}
{"level":"info","message":"Server started successfully","timestamp":"06-27-2026 09:38:03","correlationId":"unknown error while creating correlation id","data":{"data":"some additional data"}}
{"level":"info","message":"Database connection established successfully","timestamp":"06-27-2026 09:38:03","correlationId":"unknown error while creating correlation id","data":{}}
{"level":"info","message":"server is running at 3000","timestamp":"06-27-2026 09:41:24","correlationId":"unknown error while creating correlation id","data":{}}
{"level":"info","message":"Server started successfully","timestamp":"06-27-2026 09:41:24","correlationId":"unknown error while creating correlation id","data":{"data":"some additional data"}}
{"level":"info","message":"Database connection established successfully","timestamp":"06-27-2026 09:41:24","correlationId":"unknown error while creating correlation id","data":{}}
{"level":"info","message":"server is running at 3000","timestamp":"06-27-2026 09:43:14","correlationId":"unknown error while creating correlation id","data":{}}
{"level":"info","message":"Server started successfully","timestamp":"06-27-2026 09:43:14","correlationId":"unknown error while creating correlation id","data":{"data":"some additional data"}}
{"level":"info","message":"Database connection established successfully","timestamp":"06-27-2026 09:43:14","correlationId":"unknown error while creating correlation id","data":{}}
{"level":"info","message":"Received room generation request for category 1","timestamp":"06-27-2026 09:43:36","correlationId":"48a8a4ce-0e5a-46d1-ba63-9e95a4129643","data":{}}
{"level":"info","message":"server is running at 3000","timestamp":"06-27-2026 14:57:55","correlationId":"unknown error while creating correlation id","data":{}}
{"level":"info","message":"Server started successfully","timestamp":"06-27-2026 14:57:55","correlationId":"unknown error while creating correlation id","data":{"data":"some additional data"}}
{"level":"info","message":"Database connection established successfully","timestamp":"06-27-2026 14:57:55","correlationId":"unknown error while creating correlation id","data":{}}
{"level":"info","message":"Validating request body","timestamp":"06-27-2026 15:03:03","correlationId":"2434d3ec-4770-456f-b797-adf50dccf8ff","data":{}}
{"level":"error","message":"Request body is invalid","timestamp":"06-27-2026 15:03:03","correlationId":"2434d3ec-4770-456f-b797-adf50dccf8ff","data":{}}
{"level":"info","message":"Validating request body","timestamp":"06-27-2026 15:08:00","correlationId":"0fb8008f-0a66-41a5-a149-3cf08c3f3add","data":{}}
{"level":"info","message":"Request body is valid","timestamp":"06-27-2026 15:08:00","correlationId":"0fb8008f-0a66-41a5-a149-3cf08c3f3add","data":{}}
{"level":"info","message":"server is running at 3000","timestamp":"06-27-2026 15:09:57","correlationId":"unknown error while creating correlation id","data":{}}
{"level":"info","message":"Server started successfully","timestamp":"06-27-2026 15:09:57","correlationId":"unknown error while creating correlation id","data":{"data":"some additional data"}}
{"level":"info","message":"Database connection established successfully","timestamp":"06-27-2026 15:09:57","correlationId":"unknown error while creating correlation id","data":{}}
{"level":"info","message":"server is running at 3000","timestamp":"06-27-2026 15:10:09","correlationId":"unknown error while creating correlation id","data":{}}
{"level":"info","message":"Server started successfully","timestamp":"06-27-2026 15:10:09","correlationId":"unknown error while creating correlation id","data":{"data":"some additional data"}}
{"level":"info","message":"Database connection established successfully","timestamp":"06-27-2026 15:10:09","correlationId":"unknown error while creating correlation id","data":{}}
{"level":"info","message":"server is running at 3000","timestamp":"06-27-2026 15:10:14","correlationId":"unknown error while creating correlation id","data":{}}
{"level":"info","message":"Server started successfully","timestamp":"06-27-2026 15:10:14","correlationId":"unknown error while creating correlation id","data":{"data":"some additional data"}}
{"level":"info","message":"Database connection established successfully","timestamp":"06-27-2026 15:10:14","correlationId":"unknown error while creating correlation id","data":{}}
{"level":"info","message":"Generating rooms for room category  for 14 days","timestamp":"06-27-2026 15:10:14","correlationId":"unknown error while creating correlation id","data":{}}
{"level":"info","message":"server is running at 3000","timestamp":"06-27-2026 15:10:16","correlationId":"unknown error while creating correlation id","data":{}}
{"level":"info","message":"Server started successfully","timestamp":"06-27-2026 15:10:16","correlationId":"unknown error while creating correlation id","data":{"data":"some additional data"}}
{"level":"info","message":"Database connection established successfully","timestamp":"06-27-2026 15:10:16","correlationId":"unknown error while creating correlation id","data":{}}
{"level":"info","message":"server is running at 3000","timestamp":"06-27-2026 15:10:36","correlationId":"unknown error while creating correlation id","data":{}}
{"level":"info","message":"Server started successfully","timestamp":"06-27-2026 15:10:36","correlationId":"unknown error while creating correlation id","data":{"data":"some additional data"}}
{"level":"info","message":"Database connection established successfully","timestamp":"06-27-2026 15:10:37","correlationId":"unknown error while creating correlation id","data":{}}
{"level":"info","message":"server is running at 3000","timestamp":"06-27-2026 15:10:39","correlationId":"unknown error while creating correlation id","data":{}}
{"level":"info","message":"Server started successfully","timestamp":"06-27-2026 15:10:39","correlationId":"unknown error while creating correlation id","data":{"data":"some additional data"}}
{"level":"info","message":"Database connection established successfully","timestamp":"06-27-2026 15:10:39","correlationId":"unknown error while creating correlation id","data":{}}
{"level":"info","message":"server is running at 3000","timestamp":"06-27-2026 15:16:51","correlationId":"unknown error while creating correlation id","data":{}}
{"level":"info","message":"Server started successfully","timestamp":"06-27-2026 15:16:51","correlationId":"unknown error while creating correlation id","data":{"data":"some additional data"}}
{"level":"info","message":"Database connection established successfully","timestamp":"06-27-2026 15:16:51","correlationId":"unknown error while creating correlation id","data":{}}
{"level":"info","message":"server is running at 3000","timestamp":"06-27-2026 15:17:02","correlationId":"unknown error while creating correlation id","data":{}}
{"level":"info","message":"Server started successfully","timestamp":"06-27-2026 15:17:02","correlationId":"unknown error while creating correlation id","data":{"data":"some additional data"}}
{"level":"info","message":"Database connection established successfully","timestamp":"06-27-2026 15:17:02","correlationId":"unknown error while creating correlation id","data":{}}
{"level":"info","message":"server is running at 3000","timestamp":"06-27-2026 15:22:46","correlationId":"unknown error while creating correlation id","data":{}}
{"level":"info","message":"Server started successfully","timestamp":"06-27-2026 15:22:46","correlationId":"unknown error while creating correlation id","data":{"data":"some additional data"}}
{"level":"info","message":"Database connection established successfully","timestamp":"06-27-2026 15:22:46","correlationId":"unknown error while creating correlation id","data":{}}
{"level":"info","message":"Validating request body","timestamp":"06-27-2026 15:22:56","correlationId":"54e55b43-8ac5-434b-af32-9dcd1297c246","data":{}}
{"level":"info","message":"Request body is valid","timestamp":"06-27-2026 15:22:56","correlationId":"54e55b43-8ac5-434b-af32-9dcd1297c246","data":{}}
{"level":"info","message":"Generating rooms for 14 days","timestamp":"06-27-2026 15:22:56","correlationId":"unknown error while creating correlation id","data":{}}
{"level":"info","message":"Existing room: null : Wed Jul 01 2026 05:30:00 GMT+0530 (India Standard Time)","timestamp":"06-27-2026 15:22:56","correlationId":"unknown error while creating correlation id","data":{}}
{"level":"info","message":"Existing room: null : Thu Jul 02 2026 05:30:00 GMT+0530 (India Standard Time)","timestamp":"06-27-2026 15:22:56","correlationId":"unknown error while creating correlation id","data":{}}
{"level":"info","message":"Existing room: null : Fri Jul 03 2026 05:30:00 GMT+0530 (India Standard Time)","timestamp":"06-27-2026 15:22:56","correlationId":"unknown error while creating correlation id","data":{}}
{"level":"info","message":"Existing room: null : Sat Jul 04 2026 05:30:00 GMT+0530 (India Standard Time)","timestamp":"06-27-2026 15:22:56","correlationId":"unknown error while creating correlation id","data":{}}
{"level":"info","message":"Existing room: null : Sun Jul 05 2026 05:30:00 GMT+0530 (India Standard Time)","timestamp":"06-27-2026 15:22:56","correlationId":"unknown error while creating correlation id","data":{}}
{"level":"info","message":"Existing room: null : Mon Jul 06 2026 05:30:00 GMT+0530 (India Standard Time)","timestamp":"06-27-2026 15:22:56","correlationId":"unknown error while creating correlation id","data":{}}
{"level":"info","message":"Creating 6 rooms","timestamp":"06-27-2026 15:22:56","correlationId":"unknown error while creating correlation id","data":{}}
{"level":"info","message":"server is running at 3000","timestamp":"06-27-2026 16:01:22","correlationId":"unknown error while creating correlation id","data":{}}
{"level":"info","message":"Server started successfully","timestamp":"06-27-2026 16:01:22","correlationId":"unknown error while creating correlation id","data":{"data":"some additional data"}}
{"level":"info","message":"Database connection established successfully","timestamp":"06-27-2026 16:01:22","correlationId":"unknown error while creating correlation id","data":{}}
{"level":"info","message":"Validating request body","timestamp":"06-27-2026 16:01:26","correlationId":"7c533782-ccfd-477d-a9f6-c91121f23a05","data":{}}
{"level":"info","message":"Request body is valid","timestamp":"06-27-2026 16:01:26","correlationId":"7c533782-ccfd-477d-a9f6-c91121f23a05","data":{}}
{"level":"info","message":"Generating rooms for 14 days","timestamp":"06-27-2026 16:01:26","correlationId":"unknown error while creating correlation id","data":{}}
{"level":"info","message":"Existing room: null : Wed Jul 01 2026 05:30:00 GMT+0530 (India Standard Time)","timestamp":"06-27-2026 16:01:26","correlationId":"unknown error while creating correlation id","data":{}}
{"level":"info","message":"Existing room: null : Thu Jul 02 2026 05:30:00 GMT+0530 (India Standard Time)","timestamp":"06-27-2026 16:01:26","correlationId":"unknown error while creating correlation id","data":{}}
{"level":"info","message":"Existing room: null : Fri Jul 03 2026 05:30:00 GMT+0530 (India Standard Time)","timestamp":"06-27-2026 16:01:26","correlationId":"unknown error while creating correlation id","data":{}}
{"level":"info","message":"Existing room: null : Sat Jul 04 2026 05:30:00 GMT+0530 (India Standard Time)","timestamp":"06-27-2026 16:01:26","correlationId":"unknown error while creating correlation id","data":{}}
{"level":"info","message":"Existing room: null : Sun Jul 05 2026 05:30:00 GMT+0530 (India Standard Time)","timestamp":"06-27-2026 16:01:26","correlationId":"unknown error while creating correlation id","data":{}}
{"level":"info","message":"Existing room: null : Mon Jul 06 2026 05:30:00 GMT+0530 (India Standard Time)","timestamp":"06-27-2026 16:01:26","correlationId":"unknown error while creating correlation id","data":{}}
{"level":"info","message":"Creating 6 rooms","timestamp":"06-27-2026 16:01:26","correlationId":"unknown error while creating correlation id","data":{}}
{"level":"info","message":"server is running at 3000","timestamp":"06-27-2026 16:09:30","correlationId":"unknown error while creating correlation id","data":{}}
{"level":"info","message":"Server started successfully","timestamp":"06-27-2026 16:09:30","correlationId":"unknown error while creating correlation id","data":{"data":"some additional data"}}
{"level":"info","message":"Database connection established successfully","timestamp":"06-27-2026 16:09:30","correlationId":"unknown error while creating correlation id","data":{}}
{"level":"info","message":"server is running at 3000","timestamp":"06-27-2026 16:10:32","correlationId":"unknown error while creating correlation id","data":{}}
{"level":"info","message":"Server started successfully","timestamp":"06-27-2026 16:10:32","correlationId":"unknown error while creating correlation id","data":{"data":"some additional data"}}
{"level":"info","message":"Database connection established successfully","timestamp":"06-27-2026 16:10:32","correlationId":"unknown error while creating correlation id","data":{}}
{"level":"info","message":"Validating request body","timestamp":"06-27-2026 16:11:11","correlationId":"0593ecb6-e322-4cc6-9713-40a48c15b467","data":{}}
{"level":"info","message":"Request body is valid","timestamp":"06-27-2026 16:11:11","correlationId":"0593ecb6-e322-4cc6-9713-40a48c15b467","data":{}}
{"level":"info","message":"Generating rooms for 14 days","timestamp":"06-27-2026 16:11:11","correlationId":"unknown error while creating correlation id","data":{}}
{"level":"info","message":"Creating 6 rooms","timestamp":"06-27-2026 16:11:11","correlationId":"unknown error while creating correlation id","data":{}}
{"level":"info","message":"Creating 5 rooms","timestamp":"06-27-2026 16:11:11","correlationId":"unknown error while creating correlation id","data":{}}
{"level":"info","message":"Creating 4 rooms","timestamp":"06-27-2026 16:11:11","correlationId":"unknown error while creating correlation id","data":{}}
{"level":"info","message":"room generation completed for:{\"roomCategoryId\":1,\"startDate\":\"2026-07-01T00:00:00Z\",\"endDate\":\"2026-07-15T00:00:00Z\",\"batchSize\":5,\"priceOverride\":1500}","timestamp":"06-27-2026 16:11:11","correlationId":"unknown error while creating correlation id","data":{}}
