{"level":"info","message":"server is running at 3000","timestamp":"06-02-2026 07:25:04","correlationId":"unknown error while creating correlation id","data":{}}
{"level":"info","message":"Server started successfully","timestamp":"06-02-2026 07:25:04","correlationId":"unknown error while creating correlation id","data":{"data":"some additional data"}}
{"level":"info","message":"Database connection established successfully","timestamp":"06-02-2026 07:25:04","correlationId":"unknown error while creating correlation id","data":{}}
{"level":"info","message":"Hotel created successfully","timestamp":"06-02-2026 07:25:04","correlationId":"unknown error while creating correlation id","data":{"createdAt":"2026-06-02T01:55:04.586Z","updatedAt":"2026-06-02T01:55:04.586Z","id":4,"name":"Hotel California","location":"Los Angeles","rating":4.5,"address":"42 Sunset Boulevard","ratingCount":100}}
{"level":"info","message":"server is running at 3000","timestamp":"06-02-2026 07:34:59","correlationId":"unknown error while creating correlation id","data":{}}
{"level":"info","message":"Server started successfully","timestamp":"06-02-2026 07:34:59","correlationId":"unknown error while creating correlation id","data":{"data":"some additional data"}}
{"level":"info","message":"Database connection established successfully","timestamp":"06-02-2026 07:34:59","correlationId":"unknown error while creating correlation id","data":{}}
{"level":"info","message":"Hotel created successfully","timestamp":"06-02-2026 07:34:59","correlationId":"unknown error while creating correlation id","data":{"createdAt":"2026-06-02T02:04:59.005Z","updatedAt":"2026-06-02T02:04:59.005Z","id":5,"name":"Hotel New york","location":"Los Angeles","rating":4.5,"address":"42 Sunset Boulevard","ratingCount":100}}
{"level":"info","message":"server is running at 3000","timestamp":"06-02-2026 07:35:11","correlationId":"unknown error while creating correlation id","data":{}}
{"level":"info","message":"Server started successfully","timestamp":"06-02-2026 07:35:11","correlationId":"unknown error while creating correlation id","data":{"data":"some additional data"}}
{"level":"info","message":"Database connection established successfully","timestamp":"06-02-2026 07:35:11","correlationId":"unknown error while creating correlation id","data":{}}
{"level":"info","message":"Hotel created successfully","timestamp":"06-02-2026 07:35:11","correlationId":"unknown error while creating correlation id","data":{"createdAt":"2026-06-02T02:05:11.642Z","updatedAt":"2026-06-02T02:05:11.642Z","id":6,"name":"Hotel New york","location":"Los Angeles","rating":4.5,"address":"42 Sunset Boulevard","ratingCount":100}}
{"level":"info","message":"server is running at 3000","timestamp":"06-02-2026 07:35:22","correlationId":"unknown error while creating correlation id","data":{}}
{"level":"info","message":"Server started successfully","timestamp":"06-02-2026 07:35:22","correlationId":"unknown error while creating correlation id","data":{"data":"some additional data"}}
{"level":"info","message":"Database connection established successfully","timestamp":"06-02-2026 07:35:22","correlationId":"unknown error while creating correlation id","data":{}}
{"level":"info","message":"Hotel created successfully","timestamp":"06-02-2026 07:35:22","correlationId":"unknown error while creating correlation id","data":{"createdAt":"2026-06-02T02:05:22.793Z","updatedAt":"2026-06-02T02:05:22.793Z","id":7,"name":"Hotel ","location":"Los Angeles","rating":4.5,"address":"42 Sunset Boulevard","ratingCount":100}}
{"level":"info","message":"server is running at 3000","timestamp":"06-02-2026 07:35:26","correlationId":"unknown error while creating correlation id","data":{}}
{"level":"info","message":"Server started successfully","timestamp":"06-02-2026 07:35:26","correlationId":"unknown error while creating correlation id","data":{"data":"some additional data"}}
{"level":"info","message":"Database connection established successfully","timestamp":"06-02-2026 07:35:26","correlationId":"unknown error while creating correlation id","data":{}}
{"level":"info","message":"Hotel created successfully","timestamp":"06-02-2026 07:35:26","correlationId":"unknown error while creating correlation id","data":{"createdAt":"2026-06-02T02:05:26.584Z","updatedAt":"2026-06-02T02:05:26.584Z","id":8,"name":"Hotel Panch kuli","location":"Los Angeles","rating":4.5,"address":"42 Sunset Boulevard","ratingCount":100}}
{"level":"info","message":"server is running at 3000","timestamp":"06-02-2026 07:35:38","correlationId":"unknown error while creating correlation id","data":{}}
{"level":"info","message":"Server started successfully","timestamp":"06-02-2026 07:35:38","correlationId":"unknown error while creating correlation id","data":{"data":"some additional data"}}
{"level":"info","message":"Database connection established successfully","timestamp":"06-02-2026 07:35:38","correlationId":"unknown error while creating correlation id","data":{}}
{"level":"info","message":"Hotel created successfully","timestamp":"06-02-2026 07:35:38","correlationId":"unknown error while creating correlation id","data":{"createdAt":"2026-06-02T02:05:38.686Z","updatedAt":"2026-06-02T02:05:38.686Z","id":9,"name":"Hotel Panch kuli","location":"Los Angeles","rating":4.5,"address":"42 Sunset Boulevard","ratingCount":100}}
{"level":"info","message":"server is running at 3000","timestamp":"06-02-2026 07:40:51","correlationId":"unknown error while creating correlation id","data":{}}
{"level":"info","message":"Server started successfully","timestamp":"06-02-2026 07:40:51","correlationId":"unknown error while creating correlation id","data":{"data":"some additional data"}}
{"level":"info","message":"Hotel created successfully","timestamp":"06-02-2026 07:40:51","correlationId":"unknown error while creating correlation id","data":{"createdAt":"2026-06-02T02:10:51.955Z","updatedAt":"2026-06-02T02:10:51.955Z","id":10,"name":"Hotel Panch kuli","location":"Los Angeles","rating":4.5,"address":"42 Sunset Boulevard","ratingCount":100}}
{"level":"info","message":"server is running at 3000","timestamp":"06-02-2026 07:41:02","correlationId":"unknown error while creating correlation id","data":{}}
{"level":"info","message":"Server started successfully","timestamp":"06-02-2026 07:41:02","correlationId":"unknown error while creating correlation id","data":{"data":"some additional data"}}
{"level":"info","message":"server is running at 3000","timestamp":"06-02-2026 07:41:07","correlationId":"unknown error while creating correlation id","data":{}}
{"level":"info","message":"Server started successfully","timestamp":"06-02-2026 07:41:07","correlationId":"unknown error while creating correlation id","data":{"data":"some additional data"}}
{"level":"info","message":"server is running at 3000","timestamp":"06-02-2026 07:41:19","correlationId":"unknown error while creating correlation id","data":{}}
{"level":"info","message":"Server started successfully","timestamp":"06-02-2026 07:41:19","correlationId":"unknown error while creating correlation id","data":{"data":"some additional data"}}
{"level":"info","message":"server is running at 3000","timestamp":"06-02-2026 07:41:23","correlationId":"unknown error while creating correlation id","data":{}}
{"level":"info","message":"Server started successfully","timestamp":"06-02-2026 07:41:23","correlationId":"unknown error while creating correlation id","data":{"data":"some additional data"}}
{"level":"info","message":"Database connection established successfully","timestamp":"06-02-2026 07:41:23","correlationId":"unknown error while creating correlation id","data":{}}
{"level":"info","message":"server is running at 3000","timestamp":"06-02-2026 07:41:33","correlationId":"unknown error while creating correlation id","data":{}}
{"level":"info","message":"Server started successfully","timestamp":"06-02-2026 07:41:33","correlationId":"unknown error while creating correlation id","data":{"data":"some additional data"}}
{"level":"info","message":"Database connection established successfully","timestamp":"06-02-2026 07:41:33","correlationId":"unknown error while creating correlation id","data":{}}
